 debug: green's function source loc:
 -2.5000190E-07  6.9750007E-05  7.5000025E-07
 
 ------------------------------------------------------------------------------
  SWPC_3D (Green's function mode)                                             
 ------------------------------------------------------------------------------
 
  Grid Size               :     1600 x    920 x    240
  MPI Partitioning        :       48 x   24
  Total Memory Size       :          81.271  [GiB]
  Node Memory Size        :           0.071  [GiB]
  Stability  Condition c  :           0.498  (c<1)
  Wavelength Condition r  :          16.150  (r>5-10)
  Minimum velocity        :           3.230  [km/s]
  Maximum velocity        :           6.163  [km/s]
  Maximum frequency       :      400000.000  [Hz]
 
 ------------------------------------------------------------------------------
 
[info{0}] m_report.F90(106): time step is too small!
[info{0}] m_report.F90(107): consider increase time step up to twice
  it=0001000, 0.044 s/loop, eta 000:10:15, ( 0.00E+00  0.00E+00  0.00E+00 )
  it=0002000, 0.044 s/loop, eta 000:09:31, ( 0.00E+00  0.00E+00  0.00E+00 )
  it=0003000, 0.044 s/loop, eta 000:08:47, ( 0.00E+00  0.00E+00  0.00E+00 )
  it=0004000, 0.044 s/loop, eta 000:08:03, ( 0.00E+00  0.00E+00  0.00E+00 )
  it=0005000, 0.044 s/loop, eta 000:07:19, ( 0.00E+00  0.00E+00  0.00E+00 )
  it=0006000, 0.044 s/loop, eta 000:06:35, ( 0.00E+00  0.00E+00  0.00E+00 )
  it=0007000, 0.044 s/loop, eta 000:05:51, ( 0.00E+00  0.00E+00  0.00E+00 )
  it=0008000, 0.044 s/loop, eta 000:05:07, ( 0.00E+00  0.00E+00  0.00E+00 )
  it=0009000, 0.044 s/loop, eta 000:04:23, ( 0.00E+00  0.00E+00  0.00E+00 )
  it=0010000, 0.044 s/loop, eta 000:03:39, ( 0.00E+00  0.00E+00  0.00E+00 )
  it=0011000, 0.044 s/loop, eta 000:02:55, ( 0.00E+00  0.00E+00  0.00E+00 )
  it=0012000, 0.044 s/loop, eta 000:02:11, ( 0.00E+00  0.00E+00  0.00E+00 )
  it=0013000, 0.044 s/loop, eta 000:01:27, ( 0.00E+00  0.00E+00  0.00E+00 )
  it=0014000, 0.044 s/loop, eta 000:00:43, ( 0.00E+00  0.00E+00  0.00E+00 )
  it=0015000, 0.044 s/loop, eta 000:00:00, ( 0.00E+00  0.00E+00  0.00E+00 )
 
 ------------------------------------------------------------------------------
 
  Total time             :         658.907 s
 
 ------------------------------------------------------------------------------
