Mon Mar 17 13:53:51 JST 2025
 debug: green's function source loc:
 -2.5000190E-07  6.9750007E-05  7.5000025E-07
 
 ------------------------------------------------------------------------------
  SWPC_3D (Green's function mode)                                             
 ------------------------------------------------------------------------------
 
  Grid Size               :     1600 x    920 x    240
  MPI Partitioning        :       48 x   24
  Total Memory Size       :          81.271  [GiB]
  Node Memory Size        :           0.071  [GiB]
  Stability  Condition c  :           0.498  (c<1)
  Wavelength Condition r  :          16.150  (r>5-10)
  Minimum velocity        :           3.230  [km/s]
  Maximum velocity        :           6.163  [km/s]
  Maximum frequency       :      400000.000  [Hz]
 
 ------------------------------------------------------------------------------
 
[info{0}] m_report.F90(106): time step is too small!
[info{0}] m_report.F90(107): consider increase time step up to twice
  it=0001000, 0.043 s/loop, eta 000:10:05, ( 1.55E-02  1.55E-02  5.55E-02 )
  it=0002000, 0.043 s/loop, eta 000:09:22, ( 8.31E-03  9.52E-03  3.64E-02 )
  it=0003000, 0.043 s/loop, eta 000:08:39, ( 7.32E-03  1.73E-02  2.68E-02 )
  it=0004000, 0.043 s/loop, eta 000:07:55, ( 6.15E-03  1.20E-02  1.91E-02 )
  it=0005000, 0.043 s/loop, eta 000:07:12, ( 5.97E-03  1.07E-02  1.49E-02 )
  it=0006000, 0.043 s/loop, eta 000:06:29, ( 3.97E-03  7.18E-03  1.21E-02 )
  it=0007000, 0.043 s/loop, eta 000:05:46, ( 3.07E-03  5.42E-03  9.32E-03 )
  it=0008000, 0.043 s/loop, eta 000:05:02, ( 2.24E-03  4.02E-03  5.03E-03 )
  it=0009000, 0.043 s/loop, eta 000:04:19, ( 2.02E-03  2.56E-03  3.61E-03 )
  it=0010000, 0.043 s/loop, eta 000:03:36, ( 1.12E-03  1.62E-03  2.87E-03 )
  it=0011000, 0.043 s/loop, eta 000:02:53, ( 9.88E-04  1.16E-03  2.29E-03 )
  it=0012000, 0.043 s/loop, eta 000:02:09, ( 8.06E-04  9.03E-04  1.90E-03 )
  it=0013000, 0.043 s/loop, eta 000:01:26, ( 8.04E-04  1.09E-03  1.72E-03 )
  it=0014000, 0.043 s/loop, eta 000:00:43, ( 7.92E-04  8.27E-04  1.75E-03 )
  it=0015000, 0.043 s/loop, eta 000:00:00, ( 5.55E-04  1.26E-03  1.25E-03 )
 
 ------------------------------------------------------------------------------
 
  Total time             :         649.858 s
 
 ------------------------------------------------------------------------------
